[INFO] [2019.2.27 11:4:17 /home/mitchell/fzj/documentation_project/nest_216/nest_download/nest-simulator-2.16.0/nestkernel/rng_manager.cpp:238 @ Network::create_rngs_] : Creating default RNGs
[INFO] [2019.2.27 11:4:17 /home/mitchell/fzj/documentation_project/nest_216/nest_download/nest-simulator-2.16.0/nestkernel/rng_manager.cpp:284 @ Network::create_grng_] : Creating new default global RNG

              -- N E S T --
  Copyright (C) 2004 The NEST Initiative

 Version: 
 Built: Nov  6 2018 14:20:01

 This program is provided AS IS and comes with
 NO WARRANTY. See the file LICENSE for details.

 Problems or suggestions?
   Visit http://www.nest-simulator.org

 Type 'nest.help()' to find out more about NEST.


Feb 27 11:04:17 SLIInterpreter [Deprecated]: 
    SLI function GetChildren_i_D_b is deprecated in NEST 3.0.

Feb 27 11:04:17 ModelManager::clear_models_ [Info]: 
    Models will be cleared and parameters reset.

Feb 27 11:04:17 Network::create_rngs_ [Info]: 
    Deleting existing random number generators

Feb 27 11:04:17 Network::create_rngs_ [Info]: 
    Creating default RNGs

Feb 27 11:04:17 Network::create_grng_ [Info]: 
    Creating new default global RNG

Feb 27 11:04:17 ModelManager::clear_models_ [Info]: 
    Models will be cleared and parameters reset.

Feb 27 11:04:17 Network::create_rngs_ [Info]: 
    Deleting existing random number generators

Feb 27 11:04:17 Network::create_rngs_ [Info]: 
    Creating default RNGs

Feb 27 11:04:17 Network::create_grng_ [Info]: 
    Creating new default global RNG

Feb 27 11:04:17 ModelManager::clear_models_ [Info]: 
    Models will be cleared and parameters reset.

Feb 27 11:04:17 Network::create_rngs_ [Info]: 
    Deleting existing random number generators

Feb 27 11:04:17 Network::create_rngs_ [Info]: 
    Creating default RNGs

Feb 27 11:04:17 Network::create_grng_ [Info]: 
    Creating new default global RNG

Feb 27 11:04:17 ModelManager::clear_models_ [Info]: 
    Models will be cleared and parameters reset.

Feb 27 11:04:17 Network::create_rngs_ [Info]: 
    Deleting existing random number generators

Feb 27 11:04:17 Network::create_rngs_ [Info]: 
    Creating default RNGs

Feb 27 11:04:17 Network::create_grng_ [Info]: 
    Creating new default global RNG

Feb 27 11:04:18 ModelManager::clear_models_ [Info]: 
    Models will be cleared and parameters reset.

Feb 27 11:04:18 Network::create_rngs_ [Info]: 
    Deleting existing random number generators

Feb 27 11:04:18 Network::create_rngs_ [Info]: 
    Creating default RNGs

Feb 27 11:04:18 Network::create_grng_ [Info]: 
    Creating new default global RNG

Feb 27 11:04:18 ModelManager::clear_models_ [Info]: 
    Models will be cleared and parameters reset.

Feb 27 11:04:18 Network::create_rngs_ [Info]: 
    Deleting existing random number generators

Feb 27 11:04:18 Network::create_rngs_ [Info]: 
    Creating default RNGs

Feb 27 11:04:18 Network::create_grng_ [Info]: 
    Creating new default global RNG

Feb 27 11:04:18 ModelManager::clear_models_ [Info]: 
    Models will be cleared and parameters reset.

Feb 27 11:04:18 Network::create_rngs_ [Info]: 
    Deleting existing random number generators

Feb 27 11:04:18 Network::create_rngs_ [Info]: 
    Creating default RNGs

Feb 27 11:04:18 Network::create_grng_ [Info]: 
    Creating new default global RNG

Feb 27 11:04:18 ModelManager::clear_models_ [Info]: 
    Models will be cleared and parameters reset.

Feb 27 11:04:18 Network::create_rngs_ [Info]: 
    Deleting existing random number generators

Feb 27 11:04:18 Network::create_rngs_ [Info]: 
    Creating default RNGs

Feb 27 11:04:18 Network::create_grng_ [Info]: 
    Creating new default global RNG

Feb 27 11:04:18 ModelManager::clear_models_ [Info]: 
    Models will be cleared and parameters reset.

Feb 27 11:04:18 Network::create_rngs_ [Info]: 
    Deleting existing random number generators

Feb 27 11:04:18 Network::create_rngs_ [Info]: 
    Creating default RNGs

Feb 27 11:04:18 Network::create_grng_ [Info]: 
    Creating new default global RNG

Feb 27 11:04:18 ModelManager::clear_models_ [Info]: 
    Models will be cleared and parameters reset.

Feb 27 11:04:18 Network::create_rngs_ [Info]: 
    Deleting existing random number generators

Feb 27 11:04:18 Network::create_rngs_ [Info]: 
    Creating default RNGs

Feb 27 11:04:18 Network::create_grng_ [Info]: 
    Creating new default global RNG

Feb 27 11:04:18 ModelManager::clear_models_ [Info]: 
    Models will be cleared and parameters reset.

Feb 27 11:04:18 Network::create_rngs_ [Info]: 
    Deleting existing random number generators

Feb 27 11:04:18 Network::create_rngs_ [Info]: 
    Creating default RNGs

Feb 27 11:04:18 Network::create_grng_ [Info]: 
    Creating new default global RNG

Feb 27 11:04:19 ModelManager::clear_models_ [Info]: 
    Models will be cleared and parameters reset.

Feb 27 11:04:19 Network::create_rngs_ [Info]: 
    Deleting existing random number generators

Feb 27 11:04:19 Network::create_rngs_ [Info]: 
    Creating default RNGs

Feb 27 11:04:19 Network::create_grng_ [Info]: 
    Creating new default global RNG

Feb 27 11:04:19 ModelManager::clear_models_ [Info]: 
    Models will be cleared and parameters reset.

Feb 27 11:04:19 Network::create_rngs_ [Info]: 
    Deleting existing random number generators

Feb 27 11:04:19 Network::create_rngs_ [Info]: 
    Creating default RNGs

Feb 27 11:04:19 Network::create_grng_ [Info]: 
    Creating new default global RNG

Feb 27 11:04:19 ModelManager::clear_models_ [Info]: 
    Models will be cleared and parameters reset.

Feb 27 11:04:19 Network::create_rngs_ [Info]: 
    Deleting existing random number generators

Feb 27 11:04:19 Network::create_rngs_ [Info]: 
    Creating default RNGs

Feb 27 11:04:19 Network::create_grng_ [Info]: 
    Creating new default global RNG

Feb 27 11:04:19 ModelManager::clear_models_ [Info]: 
    Models will be cleared and parameters reset.

Feb 27 11:04:19 Network::create_rngs_ [Info]: 
    Deleting existing random number generators

Feb 27 11:04:19 Network::create_rngs_ [Info]: 
    Creating default RNGs

Feb 27 11:04:19 Network::create_grng_ [Info]: 
    Creating new default global RNG

Feb 27 11:04:19 ModelManager::clear_models_ [Info]: 
    Models will be cleared and parameters reset.

Feb 27 11:04:19 Network::create_rngs_ [Info]: 
    Deleting existing random number generators

Feb 27 11:04:19 Network::create_rngs_ [Info]: 
    Creating default RNGs

Feb 27 11:04:19 Network::create_grng_ [Info]: 
    Creating new default global RNG

Feb 27 11:04:19 ModelManager::clear_models_ [Info]: 
    Models will be cleared and parameters reset.

Feb 27 11:04:19 Network::create_rngs_ [Info]: 
    Deleting existing random number generators

Feb 27 11:04:19 Network::create_rngs_ [Info]: 
    Creating default RNGs

Feb 27 11:04:19 Network::create_grng_ [Info]: 
    Creating new default global RNG

Feb 27 11:04:19 ModelManager::clear_models_ [Info]: 
    Models will be cleared and parameters reset.

Feb 27 11:04:19 Network::create_rngs_ [Info]: 
    Deleting existing random number generators

Feb 27 11:04:19 Network::create_rngs_ [Info]: 
    Creating default RNGs

Feb 27 11:04:19 Network::create_grng_ [Info]: 
    Creating new default global RNG

Feb 27 11:04:19 ModelManager::clear_models_ [Info]: 
    Models will be cleared and parameters reset.

Feb 27 11:04:19 Network::create_rngs_ [Info]: 
    Deleting existing random number generators

Feb 27 11:04:19 Network::create_rngs_ [Info]: 
    Creating default RNGs

Feb 27 11:04:19 Network::create_grng_ [Info]: 
    Creating new default global RNG

Feb 27 11:04:20 ModelManager::clear_models_ [Info]: 
    Models will be cleared and parameters reset.

Feb 27 11:04:20 Network::create_rngs_ [Info]: 
    Deleting existing random number generators

Feb 27 11:04:20 Network::create_rngs_ [Info]: 
    Creating default RNGs

Feb 27 11:04:20 Network::create_grng_ [Info]: 
    Creating new default global RNG

Feb 27 11:04:20 ModelManager::clear_models_ [Info]: 
    Models will be cleared and parameters reset.

Feb 27 11:04:20 Network::create_rngs_ [Info]: 
    Deleting existing random number generators

Feb 27 11:04:20 Network::create_rngs_ [Info]: 
    Creating default RNGs

Feb 27 11:04:20 Network::create_grng_ [Info]: 
    Creating new default global RNG

Feb 27 11:04:20 ModelManager::clear_models_ [Info]: 
    Models will be cleared and parameters reset.

Feb 27 11:04:20 Network::create_rngs_ [Info]: 
    Deleting existing random number generators

Feb 27 11:04:20 Network::create_rngs_ [Info]: 
    Creating default RNGs

Feb 27 11:04:20 Network::create_grng_ [Info]: 
    Creating new default global RNG

Feb 27 11:04:20 ModelManager::clear_models_ [Info]: 
    Models will be cleared and parameters reset.

Feb 27 11:04:20 Network::create_rngs_ [Info]: 
    Deleting existing random number generators

Feb 27 11:04:20 Network::create_rngs_ [Info]: 
    Creating default RNGs

Feb 27 11:04:20 Network::create_grng_ [Info]: 
    Creating new default global RNG

Feb 27 11:04:20 ModelManager::clear_models_ [Info]: 
    Models will be cleared and parameters reset.

Feb 27 11:04:20 Network::create_rngs_ [Info]: 
    Deleting existing random number generators

Feb 27 11:04:20 Network::create_rngs_ [Info]: 
    Creating default RNGs

Feb 27 11:04:20 Network::create_grng_ [Info]: 
    Creating new default global RNG

Feb 27 11:04:20 ModelManager::clear_models_ [Info]: 
    Models will be cleared and parameters reset.

Feb 27 11:04:20 Network::create_rngs_ [Info]: 
    Deleting existing random number generators

Feb 27 11:04:20 Network::create_rngs_ [Info]: 
    Creating default RNGs

Feb 27 11:04:20 Network::create_grng_ [Info]: 
    Creating new default global RNG

Feb 27 11:04:20 ModelManager::clear_models_ [Info]: 
    Models will be cleared and parameters reset.

Feb 27 11:04:20 Network::create_rngs_ [Info]: 
    Deleting existing random number generators

Feb 27 11:04:20 Network::create_rngs_ [Info]: 
    Creating default RNGs

Feb 27 11:04:20 Network::create_grng_ [Info]: 
    Creating new default global RNG

Feb 27 11:04:20 ModelManager::clear_models_ [Info]: 
    Models will be cleared and parameters reset.

Feb 27 11:04:20 Network::create_rngs_ [Info]: 
    Deleting existing random number generators

Feb 27 11:04:20 Network::create_rngs_ [Info]: 
    Creating default RNGs

Feb 27 11:04:20 Network::create_grng_ [Info]: 
    Creating new default global RNG

Feb 27 11:04:20 ModelManager::clear_models_ [Info]: 
    Models will be cleared and parameters reset.

Feb 27 11:04:20 Network::create_rngs_ [Info]: 
    Deleting existing random number generators

Feb 27 11:04:20 Network::create_rngs_ [Info]: 
    Creating default RNGs

Feb 27 11:04:20 Network::create_grng_ [Info]: 
    Creating new default global RNG

Feb 27 11:04:20 ModelManager::clear_models_ [Info]: 
    Models will be cleared and parameters reset.

Feb 27 11:04:20 Network::create_rngs_ [Info]: 
    Deleting existing random number generators

Feb 27 11:04:20 Network::create_rngs_ [Info]: 
    Creating default RNGs

Feb 27 11:04:20 Network::create_grng_ [Info]: 
    Creating new default global RNG

Feb 27 11:04:21 ModelManager::clear_models_ [Info]: 
    Models will be cleared and parameters reset.

Feb 27 11:04:21 Network::create_rngs_ [Info]: 
    Deleting existing random number generators

Feb 27 11:04:21 Network::create_rngs_ [Info]: 
    Creating default RNGs

Feb 27 11:04:21 Network::create_grng_ [Info]: 
    Creating new default global RNG

Feb 27 11:04:21 ModelManager::clear_models_ [Info]: 
    Models will be cleared and parameters reset.

Feb 27 11:04:21 Network::create_rngs_ [Info]: 
    Deleting existing random number generators

Feb 27 11:04:21 Network::create_rngs_ [Info]: 
    Creating default RNGs

Feb 27 11:04:21 Network::create_grng_ [Info]: 
    Creating new default global RNG
