[INFO] [2020.1.17 11:15:7 /home/stine/NEST/nest-simulator/nestkernel/rng_manager.cpp:208 @ Network::create_rngs_] : Creating default RNGs
[INFO] [2020.1.17 11:15:7 /home/stine/NEST/nest-simulator/nestkernel/rng_manager.cpp:251 @ Network::create_grng_] : Creating new default global RNG

              -- N E S T --
  Copyright (C) 2004 The NEST Initiative

 Version: nest-3@7b44312
 Built: Jan 15 2020 10:51:34

 This program is provided AS IS and comes with
 NO WARRANTY. See the file LICENSE for details.

 Problems or suggestions?
   Visit https://www.nest-simulator.org

 Type 'nest.help()' to find out more about NEST.


jan. 17 11:15:07 ModelManager::clear_models_ [Info]: 
    Models will be cleared and parameters reset.

jan. 17 11:15:07 Network::create_rngs_ [Info]: 
    Deleting existing random number generators

jan. 17 11:15:07 Network::create_rngs_ [Info]: 
    Creating default RNGs

jan. 17 11:15:07 Network::create_grng_ [Info]: 
    Creating new default global RNG

jan. 17 11:15:07 ModelManager::clear_models_ [Info]: 
    Models will be cleared and parameters reset.

jan. 17 11:15:07 Network::create_rngs_ [Info]: 
    Deleting existing random number generators

jan. 17 11:15:07 Network::create_rngs_ [Info]: 
    Creating default RNGs

jan. 17 11:15:07 Network::create_grng_ [Info]: 
    Creating new default global RNG

jan. 17 11:15:07 ModelManager::clear_models_ [Info]: 
    Models will be cleared and parameters reset.

jan. 17 11:15:07 Network::create_rngs_ [Info]: 
    Deleting existing random number generators

jan. 17 11:15:07 Network::create_rngs_ [Info]: 
    Creating default RNGs

jan. 17 11:15:07 Network::create_grng_ [Info]: 
    Creating new default global RNG

jan. 17 11:15:08 ModelManager::clear_models_ [Info]: 
    Models will be cleared and parameters reset.

jan. 17 11:15:08 Network::create_rngs_ [Info]: 
    Deleting existing random number generators

jan. 17 11:15:08 Network::create_rngs_ [Info]: 
    Creating default RNGs

jan. 17 11:15:08 Network::create_grng_ [Info]: 
    Creating new default global RNG

jan. 17 11:15:08 ModelManager::clear_models_ [Info]: 
    Models will be cleared and parameters reset.

jan. 17 11:15:08 Network::create_rngs_ [Info]: 
    Deleting existing random number generators

jan. 17 11:15:08 Network::create_rngs_ [Info]: 
    Creating default RNGs

jan. 17 11:15:08 Network::create_grng_ [Info]: 
    Creating new default global RNG

jan. 17 11:15:08 ModelManager::clear_models_ [Info]: 
    Models will be cleared and parameters reset.

jan. 17 11:15:08 Network::create_rngs_ [Info]: 
    Deleting existing random number generators

jan. 17 11:15:08 Network::create_rngs_ [Info]: 
    Creating default RNGs

jan. 17 11:15:08 Network::create_grng_ [Info]: 
    Creating new default global RNG

jan. 17 11:15:08 ModelManager::clear_models_ [Info]: 
    Models will be cleared and parameters reset.

jan. 17 11:15:08 Network::create_rngs_ [Info]: 
    Deleting existing random number generators

jan. 17 11:15:08 Network::create_rngs_ [Info]: 
    Creating default RNGs

jan. 17 11:15:08 Network::create_grng_ [Info]: 
    Creating new default global RNG

jan. 17 11:15:08 ModelManager::clear_models_ [Info]: 
    Models will be cleared and parameters reset.

jan. 17 11:15:08 Network::create_rngs_ [Info]: 
    Deleting existing random number generators

jan. 17 11:15:08 Network::create_rngs_ [Info]: 
    Creating default RNGs

jan. 17 11:15:08 Network::create_grng_ [Info]: 
    Creating new default global RNG

jan. 17 11:15:09 ModelManager::clear_models_ [Info]: 
    Models will be cleared and parameters reset.

jan. 17 11:15:09 Network::create_rngs_ [Info]: 
    Deleting existing random number generators

jan. 17 11:15:09 Network::create_rngs_ [Info]: 
    Creating default RNGs

jan. 17 11:15:09 Network::create_grng_ [Info]: 
    Creating new default global RNG

jan. 17 11:15:09 ModelManager::clear_models_ [Info]: 
    Models will be cleared and parameters reset.

jan. 17 11:15:09 Network::create_rngs_ [Info]: 
    Deleting existing random number generators

jan. 17 11:15:09 Network::create_rngs_ [Info]: 
    Creating default RNGs

jan. 17 11:15:09 Network::create_grng_ [Info]: 
    Creating new default global RNG

jan. 17 11:15:09 ModelManager::clear_models_ [Info]: 
    Models will be cleared and parameters reset.

jan. 17 11:15:09 Network::create_rngs_ [Info]: 
    Deleting existing random number generators

jan. 17 11:15:09 Network::create_rngs_ [Info]: 
    Creating default RNGs

jan. 17 11:15:09 Network::create_grng_ [Info]: 
    Creating new default global RNG

jan. 17 11:15:09 ModelManager::clear_models_ [Info]: 
    Models will be cleared and parameters reset.

jan. 17 11:15:09 Network::create_rngs_ [Info]: 
    Deleting existing random number generators

jan. 17 11:15:09 Network::create_rngs_ [Info]: 
    Creating default RNGs

jan. 17 11:15:09 Network::create_grng_ [Info]: 
    Creating new default global RNG
#{ layer1s.log #}
{'network_size': 25, 'center': (0.0, 0.0), 'edge_wrap': False, 'extent': (1.0, 1.0), 'shape': (5, 5)}
#{ end.log #}
#{ layer1p.log #}
 1 .. 25 iaf_psc_alpha
#{ end.log #}
#{ layer6 #}
1 .. 2 iaf_cond_alpha
3 .. 4 poisson_generator
#{ end #}

jan. 17 11:15:09 ModelManager::clear_models_ [Info]: 
    Models will be cleared and parameters reset.
