
              -- N E S T --

  Copyright (C) 2004 The NEST Initiative
  Version 2.3.svn Jun 18 2014 10:46:15

This program is provided AS IS and comes with
NO WARRANTY. See the file LICENSE for details.

Problems or suggestions?
  Website     : http://www.nest-initiative.org
  Mailing list: nest_user@nest-initiative.org

Type 'nest.help()' to find out more about NEST.

Jun 18 15:42:01 Network::clear_models [Info]: 
    Models will be cleared and parameters reset.

Jun 18 15:42:01 Network::clear_models [Info]: 
    Models will be cleared and parameters reset.

Jun 18 15:42:01 Network::clear_models [Info]: 
    Models will be cleared and parameters reset.

Jun 18 15:42:02 Network::clear_models [Info]: 
    Models will be cleared and parameters reset.

Jun 18 15:42:02 Network::clear_models [Info]: 
    Models will be cleared and parameters reset.

Jun 18 15:42:02 Network::clear_models [Info]: 
    Models will be cleared and parameters reset.

Jun 18 15:42:03 Network::clear_models [Info]: 
    Models will be cleared and parameters reset.

Jun 18 15:42:03 Network::clear_models [Info]: 
    Models will be cleared and parameters reset.

Jun 18 15:42:05 Network::clear_models [Info]: 
    Models will be cleared and parameters reset.

Jun 18 15:42:05 Network::clear_models [Info]: 
    Models will be cleared and parameters reset.

Jun 18 15:42:05 Network::clear_models [Info]: 
    Models will be cleared and parameters reset.

Jun 18 15:42:06 Network::clear_models [Info]: 
    Models will be cleared and parameters reset.

Jun 18 15:42:06 Network::clear_models [Info]: 
    Models will be cleared and parameters reset.

Jun 18 15:42:06 Network::clear_models [Info]: 
    Models will be cleared and parameters reset.

Jun 18 15:42:06 Network::clear_models [Info]: 
    Models will be cleared and parameters reset.

Jun 18 15:42:06 Network::clear_models [Info]: 
    Models will be cleared and parameters reset.

Jun 18 15:42:08 Network::clear_models [Info]: 
    Models will be cleared and parameters reset.

Jun 18 15:42:08 Network::clear_models [Info]: 
    Models will be cleared and parameters reset.

Jun 18 15:42:08 Network::clear_models [Info]: 
    Models will be cleared and parameters reset.

Jun 18 15:42:08 Network::clear_models [Info]: 
    Models will be cleared and parameters reset.

Jun 18 15:42:08 Network::clear_models [Info]: 
    Models will be cleared and parameters reset.

Jun 18 15:42:08 Network::clear_models [Info]: 
    Models will be cleared and parameters reset.

Jun 18 15:42:08 Network::clear_models [Info]: 
    Models will be cleared and parameters reset.

Jun 18 15:42:08 Network::clear_models [Info]: 
    Models will be cleared and parameters reset.

Jun 18 15:42:09 Network::clear_models [Info]: 
    Models will be cleared and parameters reset.

Jun 18 15:42:11 Network::clear_models [Info]: 
    Models will be cleared and parameters reset.

Jun 18 15:42:11 Network::clear_models [Info]: 
    Models will be cleared and parameters reset.
